<?xml version="1.0" encoding="UTF-8"?>
<testsuites>
  <testsuite name="fastlane.lanes">
    
    
    
      
      <testcase classname="fastlane.lanes" name="0: default_platform" time="0.00015">
        
      </testcase>
    
      
      <testcase classname="fastlane.lanes" name="1: bash -c 'set -o pipefail; xcodebuild test-without-building -workspace &quot;DemoApp.xcworkspace&quot; -scheme &quot;DemoAppSwift&quot; -destination &quot;platform=iOS Simulator,name=iPhone 16,OS=18.5&quot; -derivedDataPath &quot;../DerivedData&quot; -only-testing:DemoAppUITests/SanityUITests/testAppSanity_mainViewAppearsOnLaunch -resultBundlePath &quot;../DerivedData/TestResults.xcresult&quot; IPHONEOS_DEPLOYMENT_TARGET=&quot;18.0&quot; 2&gt;&amp;1 | tee ../test-output.log; exit ${PIPESTATUS[0]}'" time="90.967243">
        
          <failure message="/Users/tomer.haryoffi/.rbenv/versions/2.6.10/lib/ruby/gems/2.6.0/gems/fastlane-2.230.0/fastlane/lib/fastlane/actions/actions_helper.rb:67:in `execute_action'&#10;/Users/tomer.haryoffi/.rbenv/versions/2.6.10/lib/ruby/gems/2.6.0/gems/fastlane-2.230.0/fastlane/lib/fastlane/fast_file.rb:224:in `sh'&#10;/Users/tomer.haryoffi/.rbenv/versions/2.6.10/lib/ruby/gems/2.6.0/gems/fastlane-2.230.0/fastlane/lib/fastlane/fast_file.rb:214:in `sh'&#10;Fastfile:62:in `block (3 levels) in parsing_binding'&#10;Fastfile:41:in `chdir'&#10;Fastfile:41:in `block (2 levels) in parsing_binding'&#10;/Users/tomer.haryoffi/.rbenv/versions/2.6.10/lib/ruby/gems/2.6.0/gems/fastlane-2.230.0/fastlane/lib/fastlane/lane.rb:41:in `call'&#10;/Users/tomer.haryoffi/.rbenv/versions/2.6.10/lib/ruby/gems/2.6.0/gems/fastlane-2.230.0/fastlane/lib/fastlane/runner.rb:49:in `block in execute'&#10;/Users/tomer.haryoffi/.rbenv/versions/2.6.10/lib/ruby/gems/2.6.0/gems/fastlane-2.230.0/fastlane/lib/fastlane/runner.rb:45:in `chdir'&#10;/Users/tomer.haryoffi/.rbenv/versions/2.6.10/lib/ruby/gems/2.6.0/gems/fastlane-2.230.0/fastlane/lib/fastlane/runner.rb:45:in `execute'&#10;/Users/tomer.haryoffi/.rbenv/versions/2.6.10/lib/ruby/gems/2.6.0/gems/fastlane-2.230.0/fastlane/lib/fastlane/lane_manager.rb:46:in `cruise_lane'&#10;/Users/tomer.haryoffi/.rbenv/versions/2.6.10/lib/ruby/gems/2.6.0/gems/fastlane-2.230.0/fastlane/lib/fastlane/command_line_handler.rb:34:in `handle'&#10;/Users/tomer.haryoffi/.rbenv/versions/2.6.10/lib/ruby/gems/2.6.0/gems/fastlane-2.230.0/fastlane/lib/fastlane/commands_generator.rb:110:in `block (2 levels) in run'&#10;/Users/tomer.haryoffi/.rbenv/versions/2.6.10/lib/ruby/gems/2.6.0/gems/commander-4.6.0/lib/commander/command.rb:187:in `call'&#10;/Users/tomer.haryoffi/.rbenv/versions/2.6.10/lib/ruby/gems/2.6.0/gems/commander-4.6.0/lib/commander/command.rb:157:in `run'&#10;/Users/tomer.haryoffi/.rbenv/versions/2.6.10/lib/ruby/gems/2.6.0/gems/commander-4.6.0/lib/commander/runner.rb:444:in `run_active_command'&#10;/Users/tomer.haryoffi/.rbenv/versions/2.6.10/lib/ruby/gems/2.6.0/gems/fastlane-2.230.0/fastlane_core/lib/fastlane_core/ui/fastlane_runner.rb:124:in `run!'&#10;/Users/tomer.haryoffi/.rbenv/versions/2.6.10/lib/ruby/gems/2.6.0/gems/commander-4.6.0/lib/commander/delegates.rb:18:in `run!'&#10;/Users/tomer.haryoffi/.rbenv/versions/2.6.10/lib/ruby/gems/2.6.0/gems/fastlane-2.230.0/fastlane/lib/fastlane/commands_generator.rb:363:in `run'&#10;/Users/tomer.haryoffi/.rbenv/versions/2.6.10/lib/ruby/gems/2.6.0/gems/fastlane-2.230.0/fastlane/lib/fastlane/commands_generator.rb:43:in `start'&#10;/Users/tomer.haryoffi/.rbenv/versions/2.6.10/lib/ruby/gems/2.6.0/gems/fastlane-2.230.0/fastlane/lib/fastlane/cli_tools_distributor.rb:123:in `take_off'&#10;/Users/tomer.haryoffi/.rbenv/versions/2.6.10/lib/ruby/gems/2.6.0/gems/fastlane-2.230.0/bin/fastlane:23:in `&lt;top (required)&gt;'&#10;/Users/tomer.haryoffi/.rbenv/versions/2.6.10/bin/fastlane:23:in `load'&#10;/Users/tomer.haryoffi/.rbenv/versions/2.6.10/bin/fastlane:23:in `&lt;main&gt;'&#10;&#10;Exit status of command 'bash -c 'set -o pipefail; xcodebuild test-without-building -workspace &quot;DemoApp.xcworkspace&quot; -scheme &quot;DemoAppSwift&quot; -destination &quot;platform=iOS Simulator,name=iPhone 16,OS=18.5&quot; -derivedDataPath &quot;../DerivedData&quot; -only-testing:DemoAppUITests/SanityUITests/testAppSanity_mainViewAppearsOnLaunch -resultBundlePath &quot;../DerivedData/TestResults.xcresult&quot; IPHONEOS_DEPLOYMENT_TARGET=&quot;18.0&quot; 2&gt;&amp;1 | tee ../test-output.log; exit ${PIPESTATUS[0]}'' was 65 instead of 0.&#10;Command line invocation:&#10;    /Applications/Xcode.app/Contents/Developer/usr/bin/xcodebuild test-without-building -workspace DemoApp.xcworkspace -scheme DemoAppSwift -destination &quot;platform=iOS Simulator,name=iPhone 16,OS=18.5&quot; -derivedDataPath ../DerivedData &quot;-only-testing:DemoAppUITests/SanityUITests/testAppSanity_mainViewAppearsOnLaunch&quot; -resultBundlePath ../DerivedData/TestResults.xcresult IPHONEOS_DEPLOYMENT_TARGET=18.0&#10;&#10;Build settings from command line:&#10;    IPHONEOS_DEPLOYMENT_TARGET = 18.0&#10;&#10;2025-12-29 15:44:13.536 xcodebuild[25681:16148617]  DVTDeviceOperation: Encountered a build number &quot;&quot; that is incompatible with DVTBuildVersion.&#10;2025-12-29 15:44:13.595 xcodebuild[25681:16148562] [MT] DVTDeviceOperation: Encountered a build number &quot;&quot; that is incompatible with DVTBuildVersion.&#10;2025-12-29 15:44:13.610 xcodebuild[25681:16148562] [MT] IDERunDestination: Supported platforms for the buildables in the current scheme is empty.&#10;Resolve Package Graph&#10;2025-12-29 15:44:13.741 xcodebuild[25681:16148562] [MT] IDERunDestination: Supported platforms for the buildables in the current scheme is empty.&#10;2025-12-29 15:44:13.850 xcodebuild[25681:16148562] [MT] IDERunDestination: Supported platforms for the buildables in the current scheme is empty.&#10;&#10;&#10;Resolved source packages:&#10;  Firebase: https://github.com/firebase/firebase-ios-sdk.git @ 12.7.0&#10;  Coralogix: /Users/tomer.haryoffi/Development/cx-ios-sdk @ local&#10;  InteropForGoogle: https://github.com/google/interop-ios-for-google-sdks.git @ 101.0.0&#10;  GoogleUtilities: https://github.com/google/GoogleUtilities.git @ 8.1.0&#10;  abseil: https://github.com/google/abseil-cpp-binary.git @ 1.2024072200.0&#10;  gRPC: https://github.com/google/grpc-binary.git @ 1.69.1&#10;  Promises: https://github.com/google/promises.git @ 2.4.0&#10;  SwiftProtobuf: https://github.com/apple/swift-protobuf.git @ 1.33.3&#10;  PLCrashReporter: https://github.com/microsoft/plcrashreporter @ 1.12.0&#10;  AppCheck: https://github.com/google/app-check.git @ 11.2.0&#10;  GTMSessionFetcher: https://github.com/google/gtm-session-fetcher.git @ 5.0.0&#10;  GoogleDataTransport: https://github.com/google/GoogleDataTransport.git @ 10.1.0&#10;  nanopb: https://github.com/firebase/nanopb.git @ 2.30910.0&#10;  GoogleAdsOnDeviceConversion: https://github.com/googleads/google-ads-on-device-conversion-ios-sdk @ 3.2.0&#10;  GoogleAppMeasurement: https://github.com/google/GoogleAppMeasurement.git @ 12.5.0&#10;  leveldb: https://github.com/firebase/leveldb.git @ 1.22.5&#10;&#10;Writing result bundle at path:&#10;	/Users/tomer.haryoffi/Development/cx-ios-sdk/DerivedData/TestResults.xcresult&#10;&#10;--- xcodebuild: WARNING: Using the first of multiple matching destinations:&#10;{ platform:iOS Simulator, arch:arm64, id:07474CEF-748F-453E-BBB8-25964CE26EA6, OS:18.5, name:iPhone 16 }&#10;{ platform:iOS Simulator, arch:x86_64, id:07474CEF-748F-453E-BBB8-25964CE26EA6, OS:18.5, name:iPhone 16 }&#10;2025-12-29 15:44:30.583 xcodebuild[25681:16148562] [MT] IDERunDestination: Supported platforms for the buildables in the current scheme is empty.&#10;2025-12-29 15:45:38.799 xcodebuild[25681:16148562] [MT] IDETestOperationsObserverDebug: 68.211 elapsed -- Testing started completed.&#10;2025-12-29 15:45:38.799 xcodebuild[25681:16148562] [MT] IDETestOperationsObserverDebug: 0.000 sec, +0.000 sec -- start&#10;2025-12-29 15:45:38.799 xcodebuild[25681:16148562] [MT] IDETestOperationsObserverDebug: 68.211 sec, +68.211 sec -- end&#10;&#10;Test session results, code coverage, and logs:&#10;	/Users/tomer.haryoffi/Development/cx-ios-sdk/DerivedData/TestResults.xcresult&#10;&#10;** TEST EXECUTE FAILED **&#10;&#10;Testing started&#10;Test suite 'SanityUITests' started on 'Clone 1 of iPhone 16 - DemoAppUITests-Runner (26139)'&#10;Test case 'SanityUITests.testAppSanity_mainViewAppearsOnLaunch()' failed on 'Clone 1 of iPhone 16 - DemoAppUITests-Runner (26139)' (14.780 seconds)&#10;" />
        
      </testcase>
    
  </testsuite>
</testsuites>
